2023-05-01 20:08:19 - root - INFO - train:<module>:305 - log_path: /home/kushalmiglani/TCE/mle-training/logs/train.log
2023-05-01 20:08:19 - root - INFO - train:main:92 - No training_path provided, taking ../datasets/housing/train.csv
2023-05-01 20:08:19 - root - INFO - train:main:96 - No training_path provided, taking ../artifacts
2023-05-01 20:08:19 - root - INFO - train:main:99 - Setting up the training data
2023-05-01 20:08:19 - root - INFO - train:main:135 - Setting up the data processing pipeline
2023-05-01 20:08:19 - root - INFO - train:transform:38 - Adding Atrributes Transformer Started!
2023-05-01 20:08:19 - root - INFO - train:main:146 - Extracting feature using RFE, selecting the best 5 features
2023-05-01 20:12:46 - root - INFO - train:main:173 - Tuning the hyperparameters
2023-05-01 20:12:46 - root - INFO - train:main:199 - Formulated single pipeline for model using trained hyperparameters
2023-05-01 20:12:46 - root - INFO - train:main:219 - Doing further model exploration
2023-05-01 20:12:46 - root - INFO - train:main:240 - Finding the best model
2023-05-01 20:12:46 - root - INFO - train:transform:38 - Adding Atrributes Transformer Started!
2023-05-01 20:12:46 - root - INFO - train:transform:71 - Feature Selector Transformer Started!
2023-05-01 20:12:49 - root - INFO - train:transform:38 - Adding Atrributes Transformer Started!
2023-05-01 20:12:49 - root - INFO - train:transform:38 - Adding Atrributes Transformer Started!
2023-05-01 20:12:49 - root - INFO - train:transform:71 - Feature Selector Transformer Started!
2023-05-01 20:12:53 - root - INFO - train:transform:38 - Adding Atrributes Transformer Started!
2023-05-01 20:12:53 - root - INFO - train:transform:71 - Feature Selector Transformer Started!
2023-05-01 20:12:55 - root - INFO - train:transform:38 - Adding Atrributes Transformer Started!
2023-05-01 20:12:55 - root - INFO - train:transform:71 - Feature Selector Transformer Started!
2023-05-01 20:12:58 - root - INFO - train:transform:38 - Adding Atrributes Transformer Started!
2023-05-01 20:12:58 - root - INFO - train:transform:38 - Adding Atrributes Transformer Started!
2023-05-01 20:12:58 - root - INFO - train:transform:71 - Feature Selector Transformer Started!
2023-05-01 20:13:01 - root - INFO - train:transform:38 - Adding Atrributes Transformer Started!
2023-05-01 20:13:01 - root - INFO - train:transform:71 - Feature Selector Transformer Started!
2023-05-01 20:13:03 - root - INFO - train:transform:38 - Adding Atrributes Transformer Started!
2023-05-01 20:13:03 - root - INFO - train:transform:71 - Feature Selector Transformer Started!
2023-05-01 20:13:07 - root - INFO - train:transform:38 - Adding Atrributes Transformer Started!
2023-05-01 20:13:07 - root - INFO - train:transform:38 - Adding Atrributes Transformer Started!
2023-05-01 20:13:07 - root - INFO - train:transform:71 - Feature Selector Transformer Started!
2023-05-01 20:13:10 - root - INFO - train:transform:38 - Adding Atrributes Transformer Started!
2023-05-01 20:13:10 - root - INFO - train:transform:71 - Feature Selector Transformer Started!
2023-05-01 20:13:12 - root - INFO - train:transform:38 - Adding Atrributes Transformer Started!
2023-05-01 20:13:12 - root - INFO - train:transform:71 - Feature Selector Transformer Started!
2023-05-01 20:13:16 - root - INFO - train:transform:38 - Adding Atrributes Transformer Started!
2023-05-01 20:13:16 - root - INFO - train:transform:38 - Adding Atrributes Transformer Started!
2023-05-01 20:13:16 - root - INFO - train:transform:71 - Feature Selector Transformer Started!
2023-05-01 20:13:19 - root - INFO - train:transform:38 - Adding Atrributes Transformer Started!
2023-05-01 20:13:19 - root - INFO - train:transform:71 - Feature Selector Transformer Started!
2023-05-01 20:13:21 - root - INFO - train:transform:38 - Adding Atrributes Transformer Started!
2023-05-01 20:13:21 - root - INFO - train:transform:71 - Feature Selector Transformer Started!
2023-05-01 20:13:25 - root - INFO - train:transform:38 - Adding Atrributes Transformer Started!
2023-05-01 20:13:25 - root - INFO - train:transform:38 - Adding Atrributes Transformer Started!
2023-05-01 20:13:25 - root - INFO - train:transform:71 - Feature Selector Transformer Started!
2023-05-01 20:13:28 - root - INFO - train:transform:38 - Adding Atrributes Transformer Started!
2023-05-01 20:13:28 - root - INFO - train:transform:71 - Feature Selector Transformer Started!
2023-05-01 20:13:30 - root - INFO - train:transform:38 - Adding Atrributes Transformer Started!
2023-05-01 20:13:30 - root - INFO - train:transform:71 - Feature Selector Transformer Started!
2023-05-01 20:13:33 - root - INFO - train:transform:38 - Adding Atrributes Transformer Started!
2023-05-01 20:13:33 - root - INFO - train:transform:38 - Adding Atrributes Transformer Started!
2023-05-01 20:13:33 - root - INFO - train:transform:71 - Feature Selector Transformer Started!
2023-05-01 20:13:36 - root - INFO - train:transform:38 - Adding Atrributes Transformer Started!
2023-05-01 20:13:36 - root - INFO - train:transform:71 - Feature Selector Transformer Started!
2023-05-01 20:13:38 - root - INFO - train:transform:38 - Adding Atrributes Transformer Started!
2023-05-01 20:13:38 - root - INFO - train:transform:71 - Feature Selector Transformer Started!
2023-05-01 20:13:42 - root - INFO - train:transform:38 - Adding Atrributes Transformer Started!
2023-05-01 20:13:42 - root - INFO - train:transform:38 - Adding Atrributes Transformer Started!
2023-05-01 20:13:42 - root - INFO - train:transform:71 - Feature Selector Transformer Started!
2023-05-01 20:13:46 - root - INFO - train:transform:38 - Adding Atrributes Transformer Started!
2023-05-01 20:13:46 - root - INFO - train:transform:71 - Feature Selector Transformer Started!
2023-05-01 20:13:48 - root - INFO - train:transform:38 - Adding Atrributes Transformer Started!
2023-05-01 20:13:48 - root - INFO - train:transform:71 - Feature Selector Transformer Started!
2023-05-01 20:13:52 - root - INFO - train:transform:38 - Adding Atrributes Transformer Started!
2023-05-01 20:13:52 - root - INFO - train:transform:38 - Adding Atrributes Transformer Started!
2023-05-01 20:13:52 - root - INFO - train:transform:71 - Feature Selector Transformer Started!
2023-05-01 20:13:56 - root - INFO - train:transform:38 - Adding Atrributes Transformer Started!
2023-05-01 20:13:56 - root - INFO - train:transform:71 - Feature Selector Transformer Started!
2023-05-01 20:13:58 - root - INFO - train:transform:38 - Adding Atrributes Transformer Started!
2023-05-01 20:13:58 - root - INFO - train:transform:71 - Feature Selector Transformer Started!
2023-05-01 20:14:02 - root - INFO - train:transform:38 - Adding Atrributes Transformer Started!
2023-05-01 20:14:02 - root - INFO - train:transform:38 - Adding Atrributes Transformer Started!
2023-05-01 20:14:02 - root - INFO - train:transform:71 - Feature Selector Transformer Started!
2023-05-01 20:14:06 - root - INFO - train:transform:38 - Adding Atrributes Transformer Started!
2023-05-01 20:14:06 - root - INFO - train:transform:71 - Feature Selector Transformer Started!
2023-05-01 20:14:08 - root - INFO - train:transform:38 - Adding Atrributes Transformer Started!
2023-05-01 20:14:08 - root - INFO - train:transform:71 - Feature Selector Transformer Started!
2023-05-01 20:14:11 - root - INFO - train:transform:38 - Adding Atrributes Transformer Started!
2023-05-01 20:14:11 - root - INFO - train:transform:38 - Adding Atrributes Transformer Started!
2023-05-01 20:14:11 - root - INFO - train:transform:71 - Feature Selector Transformer Started!
2023-05-01 20:14:15 - root - INFO - train:transform:38 - Adding Atrributes Transformer Started!
2023-05-01 20:14:15 - root - INFO - train:transform:71 - Feature Selector Transformer Started!
2023-05-01 20:14:17 - root - INFO - train:transform:38 - Adding Atrributes Transformer Started!
2023-05-01 20:14:17 - root - INFO - train:transform:71 - Feature Selector Transformer Started!
2023-05-01 20:14:21 - root - INFO - train:transform:38 - Adding Atrributes Transformer Started!
2023-05-01 20:14:21 - root - INFO - train:transform:38 - Adding Atrributes Transformer Started!
2023-05-01 20:14:21 - root - INFO - train:transform:71 - Feature Selector Transformer Started!
2023-05-01 20:14:24 - root - INFO - train:transform:38 - Adding Atrributes Transformer Started!
2023-05-01 20:14:24 - root - INFO - train:transform:71 - Feature Selector Transformer Started!
2023-05-01 20:14:27 - root - INFO - train:transform:38 - Adding Atrributes Transformer Started!
2023-05-01 20:14:27 - root - INFO - train:transform:71 - Feature Selector Transformer Started!
2023-05-01 20:14:30 - root - INFO - train:transform:38 - Adding Atrributes Transformer Started!
2023-05-01 20:14:30 - root - INFO - train:transform:38 - Adding Atrributes Transformer Started!
2023-05-01 20:14:30 - root - INFO - train:transform:71 - Feature Selector Transformer Started!
2023-05-01 20:14:33 - root - INFO - train:transform:38 - Adding Atrributes Transformer Started!
2023-05-01 20:14:33 - root - INFO - train:transform:71 - Feature Selector Transformer Started!
2023-05-01 20:14:36 - root - INFO - train:transform:38 - Adding Atrributes Transformer Started!
2023-05-01 20:14:36 - root - INFO - train:transform:71 - Feature Selector Transformer Started!
2023-05-01 20:14:40 - root - INFO - train:transform:38 - Adding Atrributes Transformer Started!
2023-05-01 20:14:40 - root - INFO - train:transform:38 - Adding Atrributes Transformer Started!
2023-05-01 20:14:40 - root - INFO - train:transform:71 - Feature Selector Transformer Started!
2023-05-01 20:14:43 - root - INFO - train:transform:38 - Adding Atrributes Transformer Started!
2023-05-01 20:14:43 - root - INFO - train:transform:71 - Feature Selector Transformer Started!
2023-05-01 20:14:45 - root - INFO - train:transform:38 - Adding Atrributes Transformer Started!
2023-05-01 20:14:46 - root - INFO - train:transform:71 - Feature Selector Transformer Started!
2023-05-01 20:14:49 - root - INFO - train:transform:38 - Adding Atrributes Transformer Started!
2023-05-01 20:14:49 - root - INFO - train:transform:38 - Adding Atrributes Transformer Started!
2023-05-01 20:14:49 - root - INFO - train:transform:71 - Feature Selector Transformer Started!
2023-05-01 20:14:52 - root - INFO - train:transform:38 - Adding Atrributes Transformer Started!
2023-05-01 20:14:52 - root - INFO - train:transform:71 - Feature Selector Transformer Started!
2023-05-01 20:14:54 - root - INFO - train:transform:38 - Adding Atrributes Transformer Started!
2023-05-01 20:14:54 - root - INFO - train:transform:71 - Feature Selector Transformer Started!
2023-05-01 20:14:58 - root - INFO - train:transform:38 - Adding Atrributes Transformer Started!
2023-05-01 20:14:58 - root - INFO - train:transform:38 - Adding Atrributes Transformer Started!
2023-05-01 20:14:58 - root - INFO - train:transform:71 - Feature Selector Transformer Started!
2023-05-01 20:15:01 - root - INFO - train:transform:38 - Adding Atrributes Transformer Started!
2023-05-01 20:15:01 - root - INFO - train:transform:71 - Feature Selector Transformer Started!
2023-05-01 20:15:03 - root - INFO - train:transform:38 - Adding Atrributes Transformer Started!
2023-05-01 20:15:03 - root - INFO - train:transform:71 - Feature Selector Transformer Started!
2023-05-01 20:15:07 - root - INFO - train:transform:38 - Adding Atrributes Transformer Started!
2023-05-01 20:15:07 - root - INFO - train:transform:38 - Adding Atrributes Transformer Started!
2023-05-01 20:15:07 - root - INFO - train:transform:71 - Feature Selector Transformer Started!
2023-05-01 20:15:10 - root - INFO - train:transform:38 - Adding Atrributes Transformer Started!
2023-05-01 20:15:10 - root - INFO - train:transform:71 - Feature Selector Transformer Started!
2023-05-01 20:15:12 - root - INFO - train:transform:38 - Adding Atrributes Transformer Started!
2023-05-01 20:15:12 - root - INFO - train:transform:71 - Feature Selector Transformer Started!
2023-05-01 20:15:16 - root - INFO - train:transform:38 - Adding Atrributes Transformer Started!
2023-05-01 20:15:16 - root - INFO - train:transform:38 - Adding Atrributes Transformer Started!
2023-05-01 20:15:16 - root - INFO - train:transform:71 - Feature Selector Transformer Started!
2023-05-01 20:15:19 - root - INFO - train:transform:38 - Adding Atrributes Transformer Started!
2023-05-01 20:15:19 - root - INFO - train:transform:71 - Feature Selector Transformer Started!
2023-05-01 20:15:22 - root - INFO - train:transform:38 - Adding Atrributes Transformer Started!
2023-05-01 20:15:22 - root - INFO - train:transform:71 - Feature Selector Transformer Started!
2023-05-01 20:15:26 - root - INFO - train:transform:38 - Adding Atrributes Transformer Started!
2023-05-01 20:15:26 - root - INFO - train:transform:38 - Adding Atrributes Transformer Started!
2023-05-01 20:15:26 - root - INFO - train:transform:71 - Feature Selector Transformer Started!
2023-05-01 20:15:29 - root - INFO - train:transform:38 - Adding Atrributes Transformer Started!
2023-05-01 20:15:29 - root - INFO - train:transform:71 - Feature Selector Transformer Started!
2023-05-01 20:15:31 - root - INFO - train:transform:38 - Adding Atrributes Transformer Started!
2023-05-01 20:15:31 - root - INFO - train:transform:71 - Feature Selector Transformer Started!
2023-05-01 20:15:45 - root - INFO - train:main:244 - Model training complete find the pkl at ../artifacts/grid_search_model.pkl
